Determining if the pthread_create exist failed with the following output:
Change Dir: /home/gloin/AppliedRob/golden_eye_ws/build/CMakeFiles/CMakeTmp

Run Build Command:/usr/bin/make "cmTryCompileExec673148763/fast"
/usr/bin/make -f CMakeFiles/cmTryCompileExec673148763.dir/build.make CMakeFiles/cmTryCompileExec673148763.dir/build
make[1]: Entering directory `/home/gloin/AppliedRob/golden_eye_ws/build/CMakeFiles/CMakeTmp'
/usr/bin/cmake -E cmake_progress_report /home/gloin/AppliedRob/golden_eye_ws/build/CMakeFiles/CMakeTmp/CMakeFiles 1
Building C object CMakeFiles/cmTryCompileExec673148763.dir/CheckSymbolExists.c.o
/usr/bin/cc    -o CMakeFiles/cmTryCompileExec673148763.dir/CheckSymbolExists.c.o   -c /home/gloin/AppliedRob/golden_eye_ws/build/CMakeFiles/CMakeTmp/CheckSymbolExists.c
Linking C executable cmTryCompileExec673148763
/usr/bin/cmake -E cmake_link_script CMakeFiles/cmTryCompileExec673148763.dir/link.txt --verbose=1
/usr/bin/cc       CMakeFiles/cmTryCompileExec673148763.dir/CheckSymbolExists.c.o  -o cmTryCompileExec673148763 -rdynamic 
CMakeFiles/cmTryCompileExec673148763.dir/CheckSymbolExists.c.o: In function `main':
CheckSymbolExists.c:(.text+0x16): undefined reference to `pthread_create'
collect2: error: ld returned 1 exit status
make[1]: *** [cmTryCompileExec673148763] Error 1
make[1]: Leaving directory `/home/gloin/AppliedRob/golden_eye_ws/build/CMakeFiles/CMakeTmp'
make: *** [cmTryCompileExec673148763/fast] Error 2

File /home/gloin/AppliedRob/golden_eye_ws/build/CMakeFiles/CMakeTmp/CheckSymbolExists.c:
/* */
#include <pthread.h>

int main(int argc, char** argv)
{
  (void)argv;
#ifndef pthread_create
  return ((int*)(&pthread_create))[argc];
#else
  (void)argc;
  return 0;
#endif
}

Determining if the function pthread_create exists in the pthreads failed with the following output:
Change Dir: /home/gloin/AppliedRob/golden_eye_ws/build/CMakeFiles/CMakeTmp

Run Build Command:/usr/bin/make "cmTryCompileExec590671644/fast"
/usr/bin/make -f CMakeFiles/cmTryCompileExec590671644.dir/build.make CMakeFiles/cmTryCompileExec590671644.dir/build
make[1]: Entering directory `/home/gloin/AppliedRob/golden_eye_ws/build/CMakeFiles/CMakeTmp'
/usr/bin/cmake -E cmake_progress_report /home/gloin/AppliedRob/golden_eye_ws/build/CMakeFiles/CMakeTmp/CMakeFiles 1
Building C object CMakeFiles/cmTryCompileExec590671644.dir/CheckFunctionExists.c.o
/usr/bin/cc   -DCHECK_FUNCTION_EXISTS=pthread_create   -o CMakeFiles/cmTryCompileExec590671644.dir/CheckFunctionExists.c.o   -c /usr/share/cmake-2.8/Modules/CheckFunctionExists.c
Linking C executable cmTryCompileExec590671644
/usr/bin/cmake -E cmake_link_script CMakeFiles/cmTryCompileExec590671644.dir/link.txt --verbose=1
/usr/bin/cc   -DCHECK_FUNCTION_EXISTS=pthread_create    CMakeFiles/cmTryCompileExec590671644.dir/CheckFunctionExists.c.o  -o cmTryCompileExec590671644 -rdynamic -lpthreads 
/usr/bin/ld: cannot find -lpthreads
collect2: error: ld returned 1 exit status
make[1]: *** [cmTryCompileExec590671644] Error 1
make[1]: Leaving directory `/home/gloin/AppliedRob/golden_eye_ws/build/CMakeFiles/CMakeTmp'
make: *** [cmTryCompileExec590671644/fast] Error 2


